[2025-09-03 15:59:17] create_file args=('test.txt', 'Hello Test'), kwargs={}, result=File 'test.txt' created successfully.
[2025-09-03 15:59:17] create_file args=('test.txt', 'Read Me'), kwargs={}, result=File 'test.txt' created successfully.
[2025-09-03 15:59:17] read_file args=('test.txt',), kwargs={}, result=Read Me
[2025-09-03 15:59:17] create_file args=('test.txt', 'Old Content'), kwargs={}, result=File 'test.txt' created successfully.
[2025-09-03 15:59:17] update_file args=('test.txt', 'New Content'), kwargs={}, result=File 'test.txt' updated successfully.
[2025-09-03 15:59:17] read_file args=('test.txt',), kwargs={}, result=New Content
[2025-09-03 15:59:17] create_file args=('test.txt', 'To Delete'), kwargs={}, result=File 'test.txt' created successfully.
[2025-09-03 15:59:17] delete_file args=('test.txt',), kwargs={}, result=File 'test.txt' deleted successfully.
[2025-09-03 15:59:17] create_file args=('a.txt', 'A'), kwargs={}, result=File 'a.txt' created successfully.
[2025-09-03 15:59:17] create_file args=('b.txt', 'B'), kwargs={}, result=File 'b.txt' created successfully.
[2025-09-03 15:59:17] list_files args=(), kwargs={}, result=['b.txt', 'a.txt']
[2025-09-03 15:59:17] create_file args=('persist.txt', 'Keep Me'), kwargs={}, result=File 'persist.txt' created successfully.
[2025-09-03 16:01:20] create_file args=('demo.txt', 'Hello CLI'), kwargs={}, result=File 'demo.txt' created successfully.
[2025-09-03 16:02:01] read_file args=('demo.txt',), kwargs={}, result=Hello CLI
[2025-09-03 16:02:59] update_file args=('demo.txt', 'update content'), kwargs={}, result=File 'demo.txt' updated successfully.
[2025-09-03 16:03:39] list_files args=(), kwargs={}, result=['demo.txt', 'files.json', 'actions.log']
[2025-09-03 16:04:15] delete_file args=('demo.txt',), kwargs={}, result=File 'demo.txt' deleted successfully.
[2025-09-03 16:10:23] create_file args=('test.txt', 'Hello world'), kwargs={}, result=File 'test.txt' created successfully.
[2025-09-03 16:10:31] list_files args=(), kwargs={}, result=['files.json', 'test.txt', 'actions.log']
[2025-09-03 16:57:05] create_file args=('myfile.txt', ''), kwargs={}, result=File 'myfile.txt' created successfully.
[2025-09-04 05:31:50] create_file args=('text.txt', ''), kwargs={}, result=File 'text.txt' created successfully.
